[24-Mar-2018 16:20:03 UTC] PHP Warning:  include(/var/www/html/wp-content/advanced-cache.php): failed to open stream: No such file or directory in /var/www/html/wp-settings.php on line 84
[24-Mar-2018 16:20:03 UTC] PHP Warning:  include(): Failed opening '/var/www/html/wp-content/advanced-cache.php' for inclusion (include_path='.:/usr/local/lib/php') in /var/www/html/wp-settings.php on line 84
[24-Mar-2018 16:20:03 UTC] PHP Warning:  include(/var/www/html/wp-content/advanced-cache.php): failed to open stream: No such file or directory in /var/www/html/wp-settings.php on line 84
[24-Mar-2018 16:20:03 UTC] PHP Warning:  include(): Failed opening '/var/www/html/wp-content/advanced-cache.php' for inclusion (include_path='.:/usr/local/lib/php') in /var/www/html/wp-settings.php on line 84
[24-Mar-2018 16:20:07 UTC] PHP Deprecated:  Methods with the same name as their class will not be constructors in a future version of PHP; Woo_Widget_WooTabs has a deprecated constructor in /var/www/html/wp-content/themes/wootique/includes/widgets/widget-woo-tabs.php on line 24
[24-Mar-2018 16:20:07 UTC] PHP Deprecated:  Methods with the same name as their class will not be constructors in a future version of PHP; Woo_Widget_WooTabs has a deprecated constructor in /var/www/html/wp-content/themes/wootique/includes/widgets/widget-woo-tabs.php on line 24
[24-Mar-2018 16:20:07 UTC] PHP Deprecated:  Methods with the same name as their class will not be constructors in a future version of PHP; Woo_AdWidget has a deprecated constructor in /var/www/html/wp-content/themes/wootique/includes/widgets/widget-woo-adspace.php on line 6
[24-Mar-2018 16:20:07 UTC] PHP Deprecated:  Methods with the same name as their class will not be constructors in a future version of PHP; Woo_AdWidget has a deprecated constructor in /var/www/html/wp-content/themes/wootique/includes/widgets/widget-woo-adspace.php on line 6
[24-Mar-2018 16:20:07 UTC] PHP Notice:  The called constructor method for WP_Widget in Woo_AdWidget is <strong>deprecated</strong> since version 4.3.0! Use <pre>__construct()</pre> instead. in /var/www/html/wp-includes/functions.php on line 3902
[24-Mar-2018 16:20:07 UTC] PHP Notice:  The called constructor method for WP_Widget in Woo_AdWidget is <strong>deprecated</strong> since version 4.3.0! Use <pre>__construct()</pre> instead. in /var/www/html/wp-includes/functions.php on line 3902
[24-Mar-2018 16:20:07 UTC] PHP Deprecated:  Methods with the same name as their class will not be constructors in a future version of PHP; Woo_BlogAuthorInfo has a deprecated constructor in /var/www/html/wp-content/themes/wootique/includes/widgets/widget-woo-blogauthor.php on line 5
[24-Mar-2018 16:20:07 UTC] PHP Deprecated:  Methods with the same name as their class will not be constructors in a future version of PHP; Woo_BlogAuthorInfo has a deprecated constructor in /var/www/html/wp-content/themes/wootique/includes/widgets/widget-woo-blogauthor.php on line 5
[24-Mar-2018 16:20:07 UTC] PHP Notice:  The called constructor method for WP_Widget in Woo_BlogAuthorInfo is <strong>deprecated</strong> since version 4.3.0! Use <pre>__construct()</pre> instead. in /var/www/html/wp-includes/functions.php on line 3902
[24-Mar-2018 16:20:07 UTC] PHP Notice:  The called constructor method for WP_Widget in Woo_BlogAuthorInfo is <strong>deprecated</strong> since version 4.3.0! Use <pre>__construct()</pre> instead. in /var/www/html/wp-includes/functions.php on line 3902
[24-Mar-2018 16:20:07 UTC] PHP Deprecated:  Methods with the same name as their class will not be constructors in a future version of PHP; Woo_EmbedWidget has a deprecated constructor in /var/www/html/wp-content/themes/wootique/includes/widgets/widget-woo-embed.php on line 6
[24-Mar-2018 16:20:07 UTC] PHP Deprecated:  Methods with the same name as their class will not be constructors in a future version of PHP; Woo_EmbedWidget has a deprecated constructor in /var/www/html/wp-content/themes/wootique/includes/widgets/widget-woo-embed.php on line 6
[24-Mar-2018 16:20:07 UTC] PHP Notice:  The called constructor method for WP_Widget in Woo_EmbedWidget is <strong>deprecated</strong> since version 4.3.0! Use <pre>__construct()</pre> instead. in /var/www/html/wp-includes/functions.php on line 3902
[24-Mar-2018 16:20:07 UTC] PHP Notice:  The called constructor method for WP_Widget in Woo_EmbedWidget is <strong>deprecated</strong> since version 4.3.0! Use <pre>__construct()</pre> instead. in /var/www/html/wp-includes/functions.php on line 3902
[24-Mar-2018 16:20:07 UTC] PHP Deprecated:  Methods with the same name as their class will not be constructors in a future version of PHP; Woo_flickr has a deprecated constructor in /var/www/html/wp-content/themes/wootique/includes/widgets/widget-woo-flickr.php on line 5
[24-Mar-2018 16:20:07 UTC] PHP Deprecated:  Methods with the same name as their class will not be constructors in a future version of PHP; Woo_flickr has a deprecated constructor in /var/www/html/wp-content/themes/wootique/includes/widgets/widget-woo-flickr.php on line 5
[24-Mar-2018 16:20:07 UTC] PHP Notice:  The called constructor method for WP_Widget in Woo_flickr is <strong>deprecated</strong> since version 4.3.0! Use <pre>__construct()</pre> instead. in /var/www/html/wp-includes/functions.php on line 3902
[24-Mar-2018 16:20:07 UTC] PHP Notice:  The called constructor method for WP_Widget in Woo_flickr is <strong>deprecated</strong> since version 4.3.0! Use <pre>__construct()</pre> instead. in /var/www/html/wp-includes/functions.php on line 3902
[24-Mar-2018 16:20:07 UTC] PHP Deprecated:  Methods with the same name as their class will not be constructors in a future version of PHP; Woo_Search has a deprecated constructor in /var/www/html/wp-content/themes/wootique/includes/widgets/widget-woo-search.php on line 5
[24-Mar-2018 16:20:07 UTC] PHP Deprecated:  Methods with the same name as their class will not be constructors in a future version of PHP; Woo_Search has a deprecated constructor in /var/www/html/wp-content/themes/wootique/includes/widgets/widget-woo-search.php on line 5
[24-Mar-2018 16:20:07 UTC] PHP Notice:  The called constructor method for WP_Widget in Woo_Search is <strong>deprecated</strong> since version 4.3.0! Use <pre>__construct()</pre> instead. in /var/www/html/wp-includes/functions.php on line 3902
[24-Mar-2018 16:20:07 UTC] PHP Notice:  The called constructor method for WP_Widget in Woo_Search is <strong>deprecated</strong> since version 4.3.0! Use <pre>__construct()</pre> instead. in /var/www/html/wp-includes/functions.php on line 3902
[24-Mar-2018 16:20:07 UTC] PHP Deprecated:  Methods with the same name as their class will not be constructors in a future version of PHP; Woo_Twitter has a deprecated constructor in /var/www/html/wp-content/themes/wootique/includes/widgets/widget-woo-twitter.php on line 5
[24-Mar-2018 16:20:07 UTC] PHP Deprecated:  Methods with the same name as their class will not be constructors in a future version of PHP; Woo_Twitter has a deprecated constructor in /var/www/html/wp-content/themes/wootique/includes/widgets/widget-woo-twitter.php on line 5
[24-Mar-2018 16:20:07 UTC] PHP Notice:  The called constructor method for WP_Widget in Woo_Twitter is <strong>deprecated</strong> since version 4.3.0! Use <pre>__construct()</pre> instead. in /var/www/html/wp-includes/functions.php on line 3902
[24-Mar-2018 16:20:07 UTC] PHP Notice:  The called constructor method for WP_Widget in Woo_Twitter is <strong>deprecated</strong> since version 4.3.0! Use <pre>__construct()</pre> instead. in /var/www/html/wp-includes/functions.php on line 3902
[24-Mar-2018 16:20:07 UTC] PHP Deprecated:  Methods with the same name as their class will not be constructors in a future version of PHP; Woo_Subscribe has a deprecated constructor in /var/www/html/wp-content/themes/wootique/includes/widgets/widget-woo-subscribe.php on line 5
[24-Mar-2018 16:20:07 UTC] PHP Deprecated:  Methods with the same name as their class will not be constructors in a future version of PHP; Woo_Subscribe has a deprecated constructor in /var/www/html/wp-content/themes/wootique/includes/widgets/widget-woo-subscribe.php on line 5
[24-Mar-2018 16:20:07 UTC] PHP Notice:  The called constructor method for WP_Widget in Woo_Subscribe is <strong>deprecated</strong> since version 4.3.0! Use <pre>__construct()</pre> instead. in /var/www/html/wp-includes/functions.php on line 3902
[24-Mar-2018 16:20:07 UTC] PHP Notice:  The called constructor method for WP_Widget in Woo_Subscribe is <strong>deprecated</strong> since version 4.3.0! Use <pre>__construct()</pre> instead. in /var/www/html/wp-includes/functions.php on line 3902
[24-Mar-2018 16:20:08 UTC] PHP Notice:  The called constructor method for WP_Widget in Woo_Widget_WooTabs is <strong>deprecated</strong> since version 4.3.0! Use <pre>__construct()</pre> instead. in /var/www/html/wp-includes/functions.php on line 3902
[24-Mar-2018 16:20:08 UTC] PHP Notice:  The called constructor method for WP_Widget in Woo_Widget_WooTabs is <strong>deprecated</strong> since version 4.3.0! Use <pre>__construct()</pre> instead. in /var/www/html/wp-includes/functions.php on line 3902
[24-Mar-2018 16:20:08 UTC] PHP Notice:  WC_Cart::get_cart_url is <strong>deprecated</strong> since version 2.5! Use wc_get_cart_url instead. in /var/www/html/wp-includes/functions.php on line 3839
[24-Mar-2018 16:20:08 UTC] PHP Notice:  Undefined index: woo_footer_sidebars in /var/www/html/wp-content/themes/wootique/footer.php on line 4
[24-Mar-2018 16:20:08 UTC] PHP Notice:  Undefined index: woo_footer_left in /var/www/html/wp-content/themes/wootique/footer.php on line 35
[24-Mar-2018 16:20:08 UTC] PHP Notice:  Undefined index: woo_footer_right in /var/www/html/wp-content/themes/wootique/footer.php on line 45
[24-Mar-2018 16:20:08 UTC] PHP Notice:  WC_Cart::get_cart_url is <strong>deprecated</strong> since version 2.5! Use wc_get_cart_url instead. in /var/www/html/wp-includes/functions.php on line 3839
[24-Mar-2018 16:20:08 UTC] PHP Notice:  Undefined index: woo_footer_sidebars in /var/www/html/wp-content/themes/wootique/footer.php on line 4
[24-Mar-2018 16:20:08 UTC] PHP Notice:  Undefined index: woo_footer_left in /var/www/html/wp-content/themes/wootique/footer.php on line 35
[24-Mar-2018 16:20:08 UTC] PHP Notice:  Undefined index: woo_footer_right in /var/www/html/wp-content/themes/wootique/footer.php on line 45
[24-Mar-2018 16:20:09 UTC] PHP Warning:  include(/var/www/html/wp-content/advanced-cache.php): failed to open stream: No such file or directory in /var/www/html/wp-settings.php on line 84
[24-Mar-2018 16:20:09 UTC] PHP Warning:  include(): Failed opening '/var/www/html/wp-content/advanced-cache.php' for inclusion (include_path='.:/usr/local/lib/php') in /var/www/html/wp-settings.php on line 84
[24-Mar-2018 16:20:11 UTC] PHP Deprecated:  Methods with the same name as their class will not be constructors in a future version of PHP; Woo_Widget_WooTabs has a deprecated constructor in /var/www/html/wp-content/themes/wootique/includes/widgets/widget-woo-tabs.php on line 24
[24-Mar-2018 16:20:11 UTC] PHP Deprecated:  Methods with the same name as their class will not be constructors in a future version of PHP; Woo_AdWidget has a deprecated constructor in /var/www/html/wp-content/themes/wootique/includes/widgets/widget-woo-adspace.php on line 6
[24-Mar-2018 16:20:11 UTC] PHP Notice:  The called constructor method for WP_Widget in Woo_AdWidget is <strong>deprecated</strong> since version 4.3.0! Use <pre>__construct()</pre> instead. in /var/www/html/wp-includes/functions.php on line 3902
[24-Mar-2018 16:20:11 UTC] PHP Deprecated:  Methods with the same name as their class will not be constructors in a future version of PHP; Woo_BlogAuthorInfo has a deprecated constructor in /var/www/html/wp-content/themes/wootique/includes/widgets/widget-woo-blogauthor.php on line 5
[24-Mar-2018 16:20:11 UTC] PHP Notice:  The called constructor method for WP_Widget in Woo_BlogAuthorInfo is <strong>deprecated</strong> since version 4.3.0! Use <pre>__construct()</pre> instead. in /var/www/html/wp-includes/functions.php on line 3902
[24-Mar-2018 16:20:11 UTC] PHP Deprecated:  Methods with the same name as their class will not be constructors in a future version of PHP; Woo_EmbedWidget has a deprecated constructor in /var/www/html/wp-content/themes/wootique/includes/widgets/widget-woo-embed.php on line 6
[24-Mar-2018 16:20:11 UTC] PHP Notice:  The called constructor method for WP_Widget in Woo_EmbedWidget is <strong>deprecated</strong> since version 4.3.0! Use <pre>__construct()</pre> instead. in /var/www/html/wp-includes/functions.php on line 3902
[24-Mar-2018 16:20:11 UTC] PHP Deprecated:  Methods with the same name as their class will not be constructors in a future version of PHP; Woo_flickr has a deprecated constructor in /var/www/html/wp-content/themes/wootique/includes/widgets/widget-woo-flickr.php on line 5
[24-Mar-2018 16:20:11 UTC] PHP Notice:  The called constructor method for WP_Widget in Woo_flickr is <strong>deprecated</strong> since version 4.3.0! Use <pre>__construct()</pre> instead. in /var/www/html/wp-includes/functions.php on line 3902
[24-Mar-2018 16:20:11 UTC] PHP Deprecated:  Methods with the same name as their class will not be constructors in a future version of PHP; Woo_Search has a deprecated constructor in /var/www/html/wp-content/themes/wootique/includes/widgets/widget-woo-search.php on line 5
[24-Mar-2018 16:20:11 UTC] PHP Notice:  The called constructor method for WP_Widget in Woo_Search is <strong>deprecated</strong> since version 4.3.0! Use <pre>__construct()</pre> instead. in /var/www/html/wp-includes/functions.php on line 3902
[24-Mar-2018 16:20:11 UTC] PHP Deprecated:  Methods with the same name as their class will not be constructors in a future version of PHP; Woo_Twitter has a deprecated constructor in /var/www/html/wp-content/themes/wootique/includes/widgets/widget-woo-twitter.php on line 5
[24-Mar-2018 16:20:11 UTC] PHP Notice:  The called constructor method for WP_Widget in Woo_Twitter is <strong>deprecated</strong> since version 4.3.0! Use <pre>__construct()</pre> instead. in /var/www/html/wp-includes/functions.php on line 3902
[24-Mar-2018 16:20:11 UTC] PHP Deprecated:  Methods with the same name as their class will not be constructors in a future version of PHP; Woo_Subscribe has a deprecated constructor in /var/www/html/wp-content/themes/wootique/includes/widgets/widget-woo-subscribe.php on line 5
[24-Mar-2018 16:20:11 UTC] PHP Notice:  The called constructor method for WP_Widget in Woo_Subscribe is <strong>deprecated</strong> since version 4.3.0! Use <pre>__construct()</pre> instead. in /var/www/html/wp-includes/functions.php on line 3902
[24-Mar-2018 16:20:11 UTC] PHP Notice:  The called constructor method for WP_Widget in Woo_Widget_WooTabs is <strong>deprecated</strong> since version 4.3.0! Use <pre>__construct()</pre> instead. in /var/www/html/wp-includes/functions.php on line 3902
[24-Mar-2018 16:20:12 UTC] PHP Notice:  WC_Cart::get_cart_url is <strong>deprecated</strong> since version 2.5! Use wc_get_cart_url instead. in /var/www/html/wp-includes/functions.php on line 3839
[24-Mar-2018 16:20:12 UTC] PHP Notice:  Undefined index: woo_footer_sidebars in /var/www/html/wp-content/themes/wootique/footer.php on line 4
[24-Mar-2018 16:20:12 UTC] PHP Notice:  Undefined index: woo_footer_left in /var/www/html/wp-content/themes/wootique/footer.php on line 35
[24-Mar-2018 16:20:12 UTC] PHP Notice:  Undefined index: woo_footer_right in /var/www/html/wp-content/themes/wootique/footer.php on line 45
[24-Mar-2018 16:20:12 UTC] PHP Warning:  include(/var/www/html/wp-content/advanced-cache.php): failed to open stream: No such file or directory in /var/www/html/wp-settings.php on line 84
[24-Mar-2018 16:20:12 UTC] PHP Warning:  include(): Failed opening '/var/www/html/wp-content/advanced-cache.php' for inclusion (include_path='.:/usr/local/lib/php') in /var/www/html/wp-settings.php on line 84
[24-Mar-2018 16:20:14 UTC] PHP Deprecated:  Methods with the same name as their class will not be constructors in a future version of PHP; Woo_Widget_WooTabs has a deprecated constructor in /var/www/html/wp-content/themes/wootique/includes/widgets/widget-woo-tabs.php on line 24
[24-Mar-2018 16:20:14 UTC] PHP Deprecated:  Methods with the same name as their class will not be constructors in a future version of PHP; Woo_AdWidget has a deprecated constructor in /var/www/html/wp-content/themes/wootique/includes/widgets/widget-woo-adspace.php on line 6
[24-Mar-2018 16:20:14 UTC] PHP Notice:  The called constructor method for WP_Widget in Woo_AdWidget is <strong>deprecated</strong> since version 4.3.0! Use <pre>__construct()</pre> instead. in /var/www/html/wp-includes/functions.php on line 3902
[24-Mar-2018 16:20:14 UTC] PHP Deprecated:  Methods with the same name as their class will not be constructors in a future version of PHP; Woo_BlogAuthorInfo has a deprecated constructor in /var/www/html/wp-content/themes/wootique/includes/widgets/widget-woo-blogauthor.php on line 5
[24-Mar-2018 16:20:14 UTC] PHP Notice:  The called constructor method for WP_Widget in Woo_BlogAuthorInfo is <strong>deprecated</strong> since version 4.3.0! Use <pre>__construct()</pre> instead. in /var/www/html/wp-includes/functions.php on line 3902
[24-Mar-2018 16:20:14 UTC] PHP Deprecated:  Methods with the same name as their class will not be constructors in a future version of PHP; Woo_EmbedWidget has a deprecated constructor in /var/www/html/wp-content/themes/wootique/includes/widgets/widget-woo-embed.php on line 6
[24-Mar-2018 16:20:14 UTC] PHP Notice:  The called constructor method for WP_Widget in Woo_EmbedWidget is <strong>deprecated</strong> since version 4.3.0! Use <pre>__construct()</pre> instead. in /var/www/html/wp-includes/functions.php on line 3902
[24-Mar-2018 16:20:14 UTC] PHP Deprecated:  Methods with the same name as their class will not be constructors in a future version of PHP; Woo_flickr has a deprecated constructor in /var/www/html/wp-content/themes/wootique/includes/widgets/widget-woo-flickr.php on line 5
[24-Mar-2018 16:20:14 UTC] PHP Notice:  The called constructor method for WP_Widget in Woo_flickr is <strong>deprecated</strong> since version 4.3.0! Use <pre>__construct()</pre> instead. in /var/www/html/wp-includes/functions.php on line 3902
[24-Mar-2018 16:20:14 UTC] PHP Deprecated:  Methods with the same name as their class will not be constructors in a future version of PHP; Woo_Search has a deprecated constructor in /var/www/html/wp-content/themes/wootique/includes/widgets/widget-woo-search.php on line 5
[24-Mar-2018 16:20:14 UTC] PHP Notice:  The called constructor method for WP_Widget in Woo_Search is <strong>deprecated</strong> since version 4.3.0! Use <pre>__construct()</pre> instead. in /var/www/html/wp-includes/functions.php on line 3902
[24-Mar-2018 16:20:14 UTC] PHP Deprecated:  Methods with the same name as their class will not be constructors in a future version of PHP; Woo_Twitter has a deprecated constructor in /var/www/html/wp-content/themes/wootique/includes/widgets/widget-woo-twitter.php on line 5
[24-Mar-2018 16:20:14 UTC] PHP Notice:  The called constructor method for WP_Widget in Woo_Twitter is <strong>deprecated</strong> since version 4.3.0! Use <pre>__construct()</pre> instead. in /var/www/html/wp-includes/functions.php on line 3902
[24-Mar-2018 16:20:14 UTC] PHP Deprecated:  Methods with the same name as their class will not be constructors in a future version of PHP; Woo_Subscribe has a deprecated constructor in /var/www/html/wp-content/themes/wootique/includes/widgets/widget-woo-subscribe.php on line 5
[24-Mar-2018 16:20:14 UTC] PHP Notice:  The called constructor method for WP_Widget in Woo_Subscribe is <strong>deprecated</strong> since version 4.3.0! Use <pre>__construct()</pre> instead. in /var/www/html/wp-includes/functions.php on line 3902
[24-Mar-2018 16:20:15 UTC] PHP Notice:  The called constructor method for WP_Widget in Woo_Widget_WooTabs is <strong>deprecated</strong> since version 4.3.0! Use <pre>__construct()</pre> instead. in /var/www/html/wp-includes/functions.php on line 3902
[24-Mar-2018 16:20:16 UTC] The The "add_to_cart_fragments" hook uses out of date data structures and function is deprecated since version 3.2.6. Replace with woocommerce_add_to_cart_fragments.
[24-Mar-2018 16:20:16 UTC] The WC_Cart::get_cart_url function is deprecated since version 2.5. Replace with wc_get_cart_url.
[24-Mar-2018 16:20:19 UTC] PHP Warning:  include(/var/www/html/wp-content/advanced-cache.php): failed to open stream: No such file or directory in /var/www/html/wp-settings.php on line 84
[24-Mar-2018 16:20:19 UTC] PHP Warning:  include(): Failed opening '/var/www/html/wp-content/advanced-cache.php' for inclusion (include_path='.:/usr/local/lib/php') in /var/www/html/wp-settings.php on line 84
[24-Mar-2018 16:20:21 UTC] PHP Deprecated:  Methods with the same name as their class will not be constructors in a future version of PHP; Woo_Widget_WooTabs has a deprecated constructor in /var/www/html/wp-content/themes/wootique/includes/widgets/widget-woo-tabs.php on line 24
[24-Mar-2018 16:20:21 UTC] PHP Deprecated:  Methods with the same name as their class will not be constructors in a future version of PHP; Woo_AdWidget has a deprecated constructor in /var/www/html/wp-content/themes/wootique/includes/widgets/widget-woo-adspace.php on line 6
[24-Mar-2018 16:20:21 UTC] PHP Notice:  The called constructor method for WP_Widget in Woo_AdWidget is <strong>deprecated</strong> since version 4.3.0! Use <pre>__construct()</pre> instead. in /var/www/html/wp-includes/functions.php on line 3902
[24-Mar-2018 16:20:21 UTC] PHP Deprecated:  Methods with the same name as their class will not be constructors in a future version of PHP; Woo_BlogAuthorInfo has a deprecated constructor in /var/www/html/wp-content/themes/wootique/includes/widgets/widget-woo-blogauthor.php on line 5
[24-Mar-2018 16:20:21 UTC] PHP Notice:  The called constructor method for WP_Widget in Woo_BlogAuthorInfo is <strong>deprecated</strong> since version 4.3.0! Use <pre>__construct()</pre> instead. in /var/www/html/wp-includes/functions.php on line 3902
[24-Mar-2018 16:20:21 UTC] PHP Deprecated:  Methods with the same name as their class will not be constructors in a future version of PHP; Woo_EmbedWidget has a deprecated constructor in /var/www/html/wp-content/themes/wootique/includes/widgets/widget-woo-embed.php on line 6
[24-Mar-2018 16:20:21 UTC] PHP Notice:  The called constructor method for WP_Widget in Woo_EmbedWidget is <strong>deprecated</strong> since version 4.3.0! Use <pre>__construct()</pre> instead. in /var/www/html/wp-includes/functions.php on line 3902
[24-Mar-2018 16:20:21 UTC] PHP Deprecated:  Methods with the same name as their class will not be constructors in a future version of PHP; Woo_flickr has a deprecated constructor in /var/www/html/wp-content/themes/wootique/includes/widgets/widget-woo-flickr.php on line 5
[24-Mar-2018 16:20:21 UTC] PHP Notice:  The called constructor method for WP_Widget in Woo_flickr is <strong>deprecated</strong> since version 4.3.0! Use <pre>__construct()</pre> instead. in /var/www/html/wp-includes/functions.php on line 3902
[24-Mar-2018 16:20:21 UTC] PHP Deprecated:  Methods with the same name as their class will not be constructors in a future version of PHP; Woo_Search has a deprecated constructor in /var/www/html/wp-content/themes/wootique/includes/widgets/widget-woo-search.php on line 5
[24-Mar-2018 16:20:21 UTC] PHP Notice:  The called constructor method for WP_Widget in Woo_Search is <strong>deprecated</strong> since version 4.3.0! Use <pre>__construct()</pre> instead. in /var/www/html/wp-includes/functions.php on line 3902
[24-Mar-2018 16:20:21 UTC] PHP Deprecated:  Methods with the same name as their class will not be constructors in a future version of PHP; Woo_Twitter has a deprecated constructor in /var/www/html/wp-content/themes/wootique/includes/widgets/widget-woo-twitter.php on line 5
[24-Mar-2018 16:20:21 UTC] PHP Notice:  The called constructor method for WP_Widget in Woo_Twitter is <strong>deprecated</strong> since version 4.3.0! Use <pre>__construct()</pre> instead. in /var/www/html/wp-includes/functions.php on line 3902
[24-Mar-2018 16:20:21 UTC] PHP Deprecated:  Methods with the same name as their class will not be constructors in a future version of PHP; Woo_Subscribe has a deprecated constructor in /var/www/html/wp-content/themes/wootique/includes/widgets/widget-woo-subscribe.php on line 5
[24-Mar-2018 16:20:21 UTC] PHP Notice:  The called constructor method for WP_Widget in Woo_Subscribe is <strong>deprecated</strong> since version 4.3.0! Use <pre>__construct()</pre> instead. in /var/www/html/wp-includes/functions.php on line 3902
[24-Mar-2018 16:20:21 UTC] PHP Notice:  The called constructor method for WP_Widget in Woo_Widget_WooTabs is <strong>deprecated</strong> since version 4.3.0! Use <pre>__construct()</pre> instead. in /var/www/html/wp-includes/functions.php on line 3902
[24-Mar-2018 16:20:23 UTC] PHP Warning:  include(/var/www/html/wp-content/advanced-cache.php): failed to open stream: No such file or directory in /var/www/html/wp-settings.php on line 84
[24-Mar-2018 16:20:23 UTC] PHP Warning:  include(): Failed opening '/var/www/html/wp-content/advanced-cache.php' for inclusion (include_path='.:/usr/local/lib/php') in /var/www/html/wp-settings.php on line 84
[24-Mar-2018 16:20:27 UTC] PHP Deprecated:  Methods with the same name as their class will not be constructors in a future version of PHP; Woo_Widget_WooTabs has a deprecated constructor in /var/www/html/wp-content/themes/wootique/includes/widgets/widget-woo-tabs.php on line 24
[24-Mar-2018 16:20:27 UTC] PHP Deprecated:  Methods with the same name as their class will not be constructors in a future version of PHP; Woo_AdWidget has a deprecated constructor in /var/www/html/wp-content/themes/wootique/includes/widgets/widget-woo-adspace.php on line 6
[24-Mar-2018 16:20:27 UTC] PHP Notice:  The called constructor method for WP_Widget in Woo_AdWidget is <strong>deprecated</strong> since version 4.3.0! Use <pre>__construct()</pre> instead. in /var/www/html/wp-includes/functions.php on line 3902
[24-Mar-2018 16:20:27 UTC] PHP Deprecated:  Methods with the same name as their class will not be constructors in a future version of PHP; Woo_BlogAuthorInfo has a deprecated constructor in /var/www/html/wp-content/themes/wootique/includes/widgets/widget-woo-blogauthor.php on line 5
[24-Mar-2018 16:20:27 UTC] PHP Notice:  The called constructor method for WP_Widget in Woo_BlogAuthorInfo is <strong>deprecated</strong> since version 4.3.0! Use <pre>__construct()</pre> instead. in /var/www/html/wp-includes/functions.php on line 3902
[24-Mar-2018 16:20:27 UTC] PHP Deprecated:  Methods with the same name as their class will not be constructors in a future version of PHP; Woo_EmbedWidget has a deprecated constructor in /var/www/html/wp-content/themes/wootique/includes/widgets/widget-woo-embed.php on line 6
[24-Mar-2018 16:20:27 UTC] PHP Notice:  The called constructor method for WP_Widget in Woo_EmbedWidget is <strong>deprecated</strong> since version 4.3.0! Use <pre>__construct()</pre> instead. in /var/www/html/wp-includes/functions.php on line 3902
[24-Mar-2018 16:20:27 UTC] PHP Deprecated:  Methods with the same name as their class will not be constructors in a future version of PHP; Woo_flickr has a deprecated constructor in /var/www/html/wp-content/themes/wootique/includes/widgets/widget-woo-flickr.php on line 5
[24-Mar-2018 16:20:27 UTC] PHP Notice:  The called constructor method for WP_Widget in Woo_flickr is <strong>deprecated</strong> since version 4.3.0! Use <pre>__construct()</pre> instead. in /var/www/html/wp-includes/functions.php on line 3902
[24-Mar-2018 16:20:27 UTC] PHP Deprecated:  Methods with the same name as their class will not be constructors in a future version of PHP; Woo_Search has a deprecated constructor in /var/www/html/wp-content/themes/wootique/includes/widgets/widget-woo-search.php on line 5
[24-Mar-2018 16:20:27 UTC] PHP Notice:  The called constructor method for WP_Widget in Woo_Search is <strong>deprecated</strong> since version 4.3.0! Use <pre>__construct()</pre> instead. in /var/www/html/wp-includes/functions.php on line 3902
[24-Mar-2018 16:20:27 UTC] PHP Deprecated:  Methods with the same name as their class will not be constructors in a future version of PHP; Woo_Twitter has a deprecated constructor in /var/www/html/wp-content/themes/wootique/includes/widgets/widget-woo-twitter.php on line 5
[24-Mar-2018 16:20:27 UTC] PHP Notice:  The called constructor method for WP_Widget in Woo_Twitter is <strong>deprecated</strong> since version 4.3.0! Use <pre>__construct()</pre> instead. in /var/www/html/wp-includes/functions.php on line 3902
[24-Mar-2018 16:20:27 UTC] PHP Deprecated:  Methods with the same name as their class will not be constructors in a future version of PHP; Woo_Subscribe has a deprecated constructor in /var/www/html/wp-content/themes/wootique/includes/widgets/widget-woo-subscribe.php on line 5
[24-Mar-2018 16:20:27 UTC] PHP Notice:  The called constructor method for WP_Widget in Woo_Subscribe is <strong>deprecated</strong> since version 4.3.0! Use <pre>__construct()</pre> instead. in /var/www/html/wp-includes/functions.php on line 3902
[24-Mar-2018 16:20:27 UTC] PHP Notice:  The called constructor method for WP_Widget in Woo_Widget_WooTabs is <strong>deprecated</strong> since version 4.3.0! Use <pre>__construct()</pre> instead. in /var/www/html/wp-includes/functions.php on line 3902
[24-Mar-2018 16:22:24 UTC] PHP Warning:  include(/var/www/html/wp-content/advanced-cache.php): failed to open stream: No such file or directory in /var/www/html/wp-settings.php on line 84
[24-Mar-2018 16:22:24 UTC] PHP Warning:  include(): Failed opening '/var/www/html/wp-content/advanced-cache.php' for inclusion (include_path='.:/usr/local/lib/php') in /var/www/html/wp-settings.php on line 84
[24-Mar-2018 16:22:29 UTC] PHP Deprecated:  Methods with the same name as their class will not be constructors in a future version of PHP; Woo_Widget_WooTabs has a deprecated constructor in /var/www/html/wp-content/themes/wootique/includes/widgets/widget-woo-tabs.php on line 24
[24-Mar-2018 16:22:29 UTC] PHP Deprecated:  Methods with the same name as their class will not be constructors in a future version of PHP; Woo_AdWidget has a deprecated constructor in /var/www/html/wp-content/themes/wootique/includes/widgets/widget-woo-adspace.php on line 6
[24-Mar-2018 16:22:29 UTC] PHP Notice:  The called constructor method for WP_Widget in Woo_AdWidget is <strong>deprecated</strong> since version 4.3.0! Use <pre>__construct()</pre> instead. in /var/www/html/wp-includes/functions.php on line 3902
[24-Mar-2018 16:22:29 UTC] PHP Deprecated:  Methods with the same name as their class will not be constructors in a future version of PHP; Woo_BlogAuthorInfo has a deprecated constructor in /var/www/html/wp-content/themes/wootique/includes/widgets/widget-woo-blogauthor.php on line 5
[24-Mar-2018 16:22:29 UTC] PHP Notice:  The called constructor method for WP_Widget in Woo_BlogAuthorInfo is <strong>deprecated</strong> since version 4.3.0! Use <pre>__construct()</pre> instead. in /var/www/html/wp-includes/functions.php on line 3902
[24-Mar-2018 16:22:29 UTC] PHP Deprecated:  Methods with the same name as their class will not be constructors in a future version of PHP; Woo_EmbedWidget has a deprecated constructor in /var/www/html/wp-content/themes/wootique/includes/widgets/widget-woo-embed.php on line 6
[24-Mar-2018 16:22:29 UTC] PHP Notice:  The called constructor method for WP_Widget in Woo_EmbedWidget is <strong>deprecated</strong> since version 4.3.0! Use <pre>__construct()</pre> instead. in /var/www/html/wp-includes/functions.php on line 3902
[24-Mar-2018 16:22:29 UTC] PHP Deprecated:  Methods with the same name as their class will not be constructors in a future version of PHP; Woo_flickr has a deprecated constructor in /var/www/html/wp-content/themes/wootique/includes/widgets/widget-woo-flickr.php on line 5
[24-Mar-2018 16:22:29 UTC] PHP Notice:  The called constructor method for WP_Widget in Woo_flickr is <strong>deprecated</strong> since version 4.3.0! Use <pre>__construct()</pre> instead. in /var/www/html/wp-includes/functions.php on line 3902
[24-Mar-2018 16:22:29 UTC] PHP Deprecated:  Methods with the same name as their class will not be constructors in a future version of PHP; Woo_Search has a deprecated constructor in /var/www/html/wp-content/themes/wootique/includes/widgets/widget-woo-search.php on line 5
[24-Mar-2018 16:22:29 UTC] PHP Notice:  The called constructor method for WP_Widget in Woo_Search is <strong>deprecated</strong> since version 4.3.0! Use <pre>__construct()</pre> instead. in /var/www/html/wp-includes/functions.php on line 3902
[24-Mar-2018 16:22:29 UTC] PHP Deprecated:  Methods with the same name as their class will not be constructors in a future version of PHP; Woo_Twitter has a deprecated constructor in /var/www/html/wp-content/themes/wootique/includes/widgets/widget-woo-twitter.php on line 5
[24-Mar-2018 16:22:29 UTC] PHP Notice:  The called constructor method for WP_Widget in Woo_Twitter is <strong>deprecated</strong> since version 4.3.0! Use <pre>__construct()</pre> instead. in /var/www/html/wp-includes/functions.php on line 3902
[24-Mar-2018 16:22:29 UTC] PHP Deprecated:  Methods with the same name as their class will not be constructors in a future version of PHP; Woo_Subscribe has a deprecated constructor in /var/www/html/wp-content/themes/wootique/includes/widgets/widget-woo-subscribe.php on line 5
[24-Mar-2018 16:22:29 UTC] PHP Notice:  The called constructor method for WP_Widget in Woo_Subscribe is <strong>deprecated</strong> since version 4.3.0! Use <pre>__construct()</pre> instead. in /var/www/html/wp-includes/functions.php on line 3902
[24-Mar-2018 16:22:30 UTC] PHP Notice:  The called constructor method for WP_Widget in Woo_Widget_WooTabs is <strong>deprecated</strong> since version 4.3.0! Use <pre>__construct()</pre> instead. in /var/www/html/wp-includes/functions.php on line 3902
[24-Mar-2018 16:23:16 UTC] PHP Warning:  include(/var/www/html/wp-content/advanced-cache.php): failed to open stream: No such file or directory in /var/www/html/wp-settings.php on line 84
[24-Mar-2018 16:23:16 UTC] PHP Warning:  include(): Failed opening '/var/www/html/wp-content/advanced-cache.php' for inclusion (include_path='.:/usr/local/lib/php') in /var/www/html/wp-settings.php on line 84
[24-Mar-2018 16:23:18 UTC] PHP Deprecated:  Methods with the same name as their class will not be constructors in a future version of PHP; Woo_Widget_WooTabs has a deprecated constructor in /var/www/html/wp-content/themes/wootique/includes/widgets/widget-woo-tabs.php on line 24
[24-Mar-2018 16:23:18 UTC] PHP Deprecated:  Methods with the same name as their class will not be constructors in a future version of PHP; Woo_AdWidget has a deprecated constructor in /var/www/html/wp-content/themes/wootique/includes/widgets/widget-woo-adspace.php on line 6
[24-Mar-2018 16:23:18 UTC] PHP Notice:  The called constructor method for WP_Widget in Woo_AdWidget is <strong>deprecated</strong> since version 4.3.0! Use <pre>__construct()</pre> instead. in /var/www/html/wp-includes/functions.php on line 3902
[24-Mar-2018 16:23:18 UTC] PHP Deprecated:  Methods with the same name as their class will not be constructors in a future version of PHP; Woo_BlogAuthorInfo has a deprecated constructor in /var/www/html/wp-content/themes/wootique/includes/widgets/widget-woo-blogauthor.php on line 5
[24-Mar-2018 16:23:18 UTC] PHP Notice:  The called constructor method for WP_Widget in Woo_BlogAuthorInfo is <strong>deprecated</strong> since version 4.3.0! Use <pre>__construct()</pre> instead. in /var/www/html/wp-includes/functions.php on line 3902
[24-Mar-2018 16:23:18 UTC] PHP Deprecated:  Methods with the same name as their class will not be constructors in a future version of PHP; Woo_EmbedWidget has a deprecated constructor in /var/www/html/wp-content/themes/wootique/includes/widgets/widget-woo-embed.php on line 6
[24-Mar-2018 16:23:18 UTC] PHP Notice:  The called constructor method for WP_Widget in Woo_EmbedWidget is <strong>deprecated</strong> since version 4.3.0! Use <pre>__construct()</pre> instead. in /var/www/html/wp-includes/functions.php on line 3902
[24-Mar-2018 16:23:18 UTC] PHP Deprecated:  Methods with the same name as their class will not be constructors in a future version of PHP; Woo_flickr has a deprecated constructor in /var/www/html/wp-content/themes/wootique/includes/widgets/widget-woo-flickr.php on line 5
[24-Mar-2018 16:23:18 UTC] PHP Notice:  The called constructor method for WP_Widget in Woo_flickr is <strong>deprecated</strong> since version 4.3.0! Use <pre>__construct()</pre> instead. in /var/www/html/wp-includes/functions.php on line 3902
[24-Mar-2018 16:23:18 UTC] PHP Deprecated:  Methods with the same name as their class will not be constructors in a future version of PHP; Woo_Search has a deprecated constructor in /var/www/html/wp-content/themes/wootique/includes/widgets/widget-woo-search.php on line 5
[24-Mar-2018 16:23:18 UTC] PHP Notice:  The called constructor method for WP_Widget in Woo_Search is <strong>deprecated</strong> since version 4.3.0! Use <pre>__construct()</pre> instead. in /var/www/html/wp-includes/functions.php on line 3902
[24-Mar-2018 16:23:18 UTC] PHP Deprecated:  Methods with the same name as their class will not be constructors in a future version of PHP; Woo_Twitter has a deprecated constructor in /var/www/html/wp-content/themes/wootique/includes/widgets/widget-woo-twitter.php on line 5
[24-Mar-2018 16:23:18 UTC] PHP Notice:  The called constructor method for WP_Widget in Woo_Twitter is <strong>deprecated</strong> since version 4.3.0! Use <pre>__construct()</pre> instead. in /var/www/html/wp-includes/functions.php on line 3902
[24-Mar-2018 16:23:18 UTC] PHP Deprecated:  Methods with the same name as their class will not be constructors in a future version of PHP; Woo_Subscribe has a deprecated constructor in /var/www/html/wp-content/themes/wootique/includes/widgets/widget-woo-subscribe.php on line 5
[24-Mar-2018 16:23:18 UTC] PHP Notice:  The called constructor method for WP_Widget in Woo_Subscribe is <strong>deprecated</strong> since version 4.3.0! Use <pre>__construct()</pre> instead. in /var/www/html/wp-includes/functions.php on line 3902
[24-Mar-2018 16:23:18 UTC] PHP Notice:  The called constructor method for WP_Widget in Woo_Widget_WooTabs is <strong>deprecated</strong> since version 4.3.0! Use <pre>__construct()</pre> instead. in /var/www/html/wp-includes/functions.php on line 3902
[24-Mar-2018 16:23:19 UTC] PHP Warning:  include(/var/www/html/wp-content/advanced-cache.php): failed to open stream: No such file or directory in /var/www/html/wp-settings.php on line 84
[24-Mar-2018 16:23:19 UTC] PHP Warning:  include(): Failed opening '/var/www/html/wp-content/advanced-cache.php' for inclusion (include_path='.:/usr/local/lib/php') in /var/www/html/wp-settings.php on line 84
[24-Mar-2018 16:23:21 UTC] PHP Deprecated:  Methods with the same name as their class will not be constructors in a future version of PHP; Woo_Widget_WooTabs has a deprecated constructor in /var/www/html/wp-content/themes/wootique/includes/widgets/widget-woo-tabs.php on line 24
[24-Mar-2018 16:23:21 UTC] PHP Deprecated:  Methods with the same name as their class will not be constructors in a future version of PHP; Woo_AdWidget has a deprecated constructor in /var/www/html/wp-content/themes/wootique/includes/widgets/widget-woo-adspace.php on line 6
[24-Mar-2018 16:23:21 UTC] PHP Notice:  The called constructor method for WP_Widget in Woo_AdWidget is <strong>deprecated</strong> since version 4.3.0! Use <pre>__construct()</pre> instead. in /var/www/html/wp-includes/functions.php on line 3902
[24-Mar-2018 16:23:21 UTC] PHP Deprecated:  Methods with the same name as their class will not be constructors in a future version of PHP; Woo_BlogAuthorInfo has a deprecated constructor in /var/www/html/wp-content/themes/wootique/includes/widgets/widget-woo-blogauthor.php on line 5
[24-Mar-2018 16:23:21 UTC] PHP Notice:  The called constructor method for WP_Widget in Woo_BlogAuthorInfo is <strong>deprecated</strong> since version 4.3.0! Use <pre>__construct()</pre> instead. in /var/www/html/wp-includes/functions.php on line 3902
[24-Mar-2018 16:23:21 UTC] PHP Deprecated:  Methods with the same name as their class will not be constructors in a future version of PHP; Woo_EmbedWidget has a deprecated constructor in /var/www/html/wp-content/themes/wootique/includes/widgets/widget-woo-embed.php on line 6
[24-Mar-2018 16:23:21 UTC] PHP Notice:  The called constructor method for WP_Widget in Woo_EmbedWidget is <strong>deprecated</strong> since version 4.3.0! Use <pre>__construct()</pre> instead. in /var/www/html/wp-includes/functions.php on line 3902
[24-Mar-2018 16:23:21 UTC] PHP Deprecated:  Methods with the same name as their class will not be constructors in a future version of PHP; Woo_flickr has a deprecated constructor in /var/www/html/wp-content/themes/wootique/includes/widgets/widget-woo-flickr.php on line 5
[24-Mar-2018 16:23:21 UTC] PHP Notice:  The called constructor method for WP_Widget in Woo_flickr is <strong>deprecated</strong> since version 4.3.0! Use <pre>__construct()</pre> instead. in /var/www/html/wp-includes/functions.php on line 3902
[24-Mar-2018 16:23:21 UTC] PHP Deprecated:  Methods with the same name as their class will not be constructors in a future version of PHP; Woo_Search has a deprecated constructor in /var/www/html/wp-content/themes/wootique/includes/widgets/widget-woo-search.php on line 5
[24-Mar-2018 16:23:21 UTC] PHP Notice:  The called constructor method for WP_Widget in Woo_Search is <strong>deprecated</strong> since version 4.3.0! Use <pre>__construct()</pre> instead. in /var/www/html/wp-includes/functions.php on line 3902
[24-Mar-2018 16:23:21 UTC] PHP Deprecated:  Methods with the same name as their class will not be constructors in a future version of PHP; Woo_Twitter has a deprecated constructor in /var/www/html/wp-content/themes/wootique/includes/widgets/widget-woo-twitter.php on line 5
[24-Mar-2018 16:23:21 UTC] PHP Notice:  The called constructor method for WP_Widget in Woo_Twitter is <strong>deprecated</strong> since version 4.3.0! Use <pre>__construct()</pre> instead. in /var/www/html/wp-includes/functions.php on line 3902
[24-Mar-2018 16:23:21 UTC] PHP Deprecated:  Methods with the same name as their class will not be constructors in a future version of PHP; Woo_Subscribe has a deprecated constructor in /var/www/html/wp-content/themes/wootique/includes/widgets/widget-woo-subscribe.php on line 5
[24-Mar-2018 16:23:21 UTC] PHP Notice:  The called constructor method for WP_Widget in Woo_Subscribe is <strong>deprecated</strong> since version 4.3.0! Use <pre>__construct()</pre> instead. in /var/www/html/wp-includes/functions.php on line 3902
[24-Mar-2018 16:23:22 UTC] PHP Notice:  The called constructor method for WP_Widget in Woo_Widget_WooTabs is <strong>deprecated</strong> since version 4.3.0! Use <pre>__construct()</pre> instead. in /var/www/html/wp-includes/functions.php on line 3902
[24-Mar-2018 16:23:24 UTC] PHP Notice:  add_object_page is <strong>deprecated</strong> since version 4.5.0! Use add_menu_page() instead. in /var/www/html/wp-includes/functions.php on line 3839
[24-Mar-2018 16:23:29 UTC] PHP Warning:  include(/var/www/html/wp-content/advanced-cache.php): failed to open stream: No such file or directory in /var/www/html/wp-settings.php on line 84
[24-Mar-2018 16:23:29 UTC] PHP Warning:  include(): Failed opening '/var/www/html/wp-content/advanced-cache.php' for inclusion (include_path='.:/usr/local/lib/php') in /var/www/html/wp-settings.php on line 84
[24-Mar-2018 16:23:29 UTC] PHP Warning:  include(/var/www/html/wp-content/advanced-cache.php): failed to open stream: No such file or directory in /var/www/html/wp-settings.php on line 84
[24-Mar-2018 16:23:29 UTC] PHP Warning:  include(): Failed opening '/var/www/html/wp-content/advanced-cache.php' for inclusion (include_path='.:/usr/local/lib/php') in /var/www/html/wp-settings.php on line 84
[24-Mar-2018 16:23:34 UTC] PHP Deprecated:  Methods with the same name as their class will not be constructors in a future version of PHP; Woo_Widget_WooTabs has a deprecated constructor in /var/www/html/wp-content/themes/wootique/includes/widgets/widget-woo-tabs.php on line 24
[24-Mar-2018 16:23:34 UTC] PHP Deprecated:  Methods with the same name as their class will not be constructors in a future version of PHP; Woo_AdWidget has a deprecated constructor in /var/www/html/wp-content/themes/wootique/includes/widgets/widget-woo-adspace.php on line 6
[24-Mar-2018 16:23:34 UTC] PHP Notice:  The called constructor method for WP_Widget in Woo_AdWidget is <strong>deprecated</strong> since version 4.3.0! Use <pre>__construct()</pre> instead. in /var/www/html/wp-includes/functions.php on line 3902
[24-Mar-2018 16:23:34 UTC] PHP Deprecated:  Methods with the same name as their class will not be constructors in a future version of PHP; Woo_BlogAuthorInfo has a deprecated constructor in /var/www/html/wp-content/themes/wootique/includes/widgets/widget-woo-blogauthor.php on line 5
[24-Mar-2018 16:23:34 UTC] PHP Notice:  The called constructor method for WP_Widget in Woo_BlogAuthorInfo is <strong>deprecated</strong> since version 4.3.0! Use <pre>__construct()</pre> instead. in /var/www/html/wp-includes/functions.php on line 3902
[24-Mar-2018 16:23:34 UTC] PHP Deprecated:  Methods with the same name as their class will not be constructors in a future version of PHP; Woo_EmbedWidget has a deprecated constructor in /var/www/html/wp-content/themes/wootique/includes/widgets/widget-woo-embed.php on line 6
[24-Mar-2018 16:23:34 UTC] PHP Notice:  The called constructor method for WP_Widget in Woo_EmbedWidget is <strong>deprecated</strong> since version 4.3.0! Use <pre>__construct()</pre> instead. in /var/www/html/wp-includes/functions.php on line 3902
[24-Mar-2018 16:23:34 UTC] PHP Deprecated:  Methods with the same name as their class will not be constructors in a future version of PHP; Woo_flickr has a deprecated constructor in /var/www/html/wp-content/themes/wootique/includes/widgets/widget-woo-flickr.php on line 5
[24-Mar-2018 16:23:34 UTC] PHP Notice:  The called constructor method for WP_Widget in Woo_flickr is <strong>deprecated</strong> since version 4.3.0! Use <pre>__construct()</pre> instead. in /var/www/html/wp-includes/functions.php on line 3902
[24-Mar-2018 16:23:34 UTC] PHP Deprecated:  Methods with the same name as their class will not be constructors in a future version of PHP; Woo_Search has a deprecated constructor in /var/www/html/wp-content/themes/wootique/includes/widgets/widget-woo-search.php on line 5
[24-Mar-2018 16:23:34 UTC] PHP Notice:  The called constructor method for WP_Widget in Woo_Search is <strong>deprecated</strong> since version 4.3.0! Use <pre>__construct()</pre> instead. in /var/www/html/wp-includes/functions.php on line 3902
[24-Mar-2018 16:23:34 UTC] PHP Deprecated:  Methods with the same name as their class will not be constructors in a future version of PHP; Woo_Twitter has a deprecated constructor in /var/www/html/wp-content/themes/wootique/includes/widgets/widget-woo-twitter.php on line 5
[24-Mar-2018 16:23:34 UTC] PHP Notice:  The called constructor method for WP_Widget in Woo_Twitter is <strong>deprecated</strong> since version 4.3.0! Use <pre>__construct()</pre> instead. in /var/www/html/wp-includes/functions.php on line 3902
[24-Mar-2018 16:23:34 UTC] PHP Deprecated:  Methods with the same name as their class will not be constructors in a future version of PHP; Woo_Subscribe has a deprecated constructor in /var/www/html/wp-content/themes/wootique/includes/widgets/widget-woo-subscribe.php on line 5
[24-Mar-2018 16:23:34 UTC] PHP Notice:  The called constructor method for WP_Widget in Woo_Subscribe is <strong>deprecated</strong> since version 4.3.0! Use <pre>__construct()</pre> instead. in /var/www/html/wp-includes/functions.php on line 3902
[24-Mar-2018 16:23:35 UTC] PHP Notice:  The called constructor method for WP_Widget in Woo_Widget_WooTabs is <strong>deprecated</strong> since version 4.3.0! Use <pre>__construct()</pre> instead. in /var/www/html/wp-includes/functions.php on line 3902
[24-Mar-2018 16:23:35 UTC] PHP Deprecated:  Methods with the same name as their class will not be constructors in a future version of PHP; Woo_Widget_WooTabs has a deprecated constructor in /var/www/html/wp-content/themes/wootique/includes/widgets/widget-woo-tabs.php on line 24
[24-Mar-2018 16:23:35 UTC] PHP Deprecated:  Methods with the same name as their class will not be constructors in a future version of PHP; Woo_AdWidget has a deprecated constructor in /var/www/html/wp-content/themes/wootique/includes/widgets/widget-woo-adspace.php on line 6
[24-Mar-2018 16:23:35 UTC] PHP Notice:  The called constructor method for WP_Widget in Woo_AdWidget is <strong>deprecated</strong> since version 4.3.0! Use <pre>__construct()</pre> instead. in /var/www/html/wp-includes/functions.php on line 3902
[24-Mar-2018 16:23:35 UTC] PHP Deprecated:  Methods with the same name as their class will not be constructors in a future version of PHP; Woo_BlogAuthorInfo has a deprecated constructor in /var/www/html/wp-content/themes/wootique/includes/widgets/widget-woo-blogauthor.php on line 5
[24-Mar-2018 16:23:35 UTC] PHP Notice:  The called constructor method for WP_Widget in Woo_BlogAuthorInfo is <strong>deprecated</strong> since version 4.3.0! Use <pre>__construct()</pre> instead. in /var/www/html/wp-includes/functions.php on line 3902
[24-Mar-2018 16:23:35 UTC] PHP Deprecated:  Methods with the same name as their class will not be constructors in a future version of PHP; Woo_EmbedWidget has a deprecated constructor in /var/www/html/wp-content/themes/wootique/includes/widgets/widget-woo-embed.php on line 6
[24-Mar-2018 16:23:35 UTC] PHP Notice:  The called constructor method for WP_Widget in Woo_EmbedWidget is <strong>deprecated</strong> since version 4.3.0! Use <pre>__construct()</pre> instead. in /var/www/html/wp-includes/functions.php on line 3902
[24-Mar-2018 16:23:35 UTC] PHP Deprecated:  Methods with the same name as their class will not be constructors in a future version of PHP; Woo_flickr has a deprecated constructor in /var/www/html/wp-content/themes/wootique/includes/widgets/widget-woo-flickr.php on line 5
[24-Mar-2018 16:23:35 UTC] PHP Notice:  The called constructor method for WP_Widget in Woo_flickr is <strong>deprecated</strong> since version 4.3.0! Use <pre>__construct()</pre> instead. in /var/www/html/wp-includes/functions.php on line 3902
[24-Mar-2018 16:23:35 UTC] PHP Deprecated:  Methods with the same name as their class will not be constructors in a future version of PHP; Woo_Search has a deprecated constructor in /var/www/html/wp-content/themes/wootique/includes/widgets/widget-woo-search.php on line 5
[24-Mar-2018 16:23:35 UTC] PHP Notice:  The called constructor method for WP_Widget in Woo_Search is <strong>deprecated</strong> since version 4.3.0! Use <pre>__construct()</pre> instead. in /var/www/html/wp-includes/functions.php on line 3902
[24-Mar-2018 16:23:35 UTC] PHP Deprecated:  Methods with the same name as their class will not be constructors in a future version of PHP; Woo_Twitter has a deprecated constructor in /var/www/html/wp-content/themes/wootique/includes/widgets/widget-woo-twitter.php on line 5
[24-Mar-2018 16:23:35 UTC] PHP Notice:  The called constructor method for WP_Widget in Woo_Twitter is <strong>deprecated</strong> since version 4.3.0! Use <pre>__construct()</pre> instead. in /var/www/html/wp-includes/functions.php on line 3902
[24-Mar-2018 16:23:35 UTC] PHP Deprecated:  Methods with the same name as their class will not be constructors in a future version of PHP; Woo_Subscribe has a deprecated constructor in /var/www/html/wp-content/themes/wootique/includes/widgets/widget-woo-subscribe.php on line 5
[24-Mar-2018 16:23:35 UTC] PHP Notice:  The called constructor method for WP_Widget in Woo_Subscribe is <strong>deprecated</strong> since version 4.3.0! Use <pre>__construct()</pre> instead. in /var/www/html/wp-includes/functions.php on line 3902
[24-Mar-2018 16:23:35 UTC] PHP Notice:  The called constructor method for WP_Widget in Woo_Widget_WooTabs is <strong>deprecated</strong> since version 4.3.0! Use <pre>__construct()</pre> instead. in /var/www/html/wp-includes/functions.php on line 3902
[24-Mar-2018 16:23:56 UTC] PHP Warning:  include(/var/www/html/wp-content/advanced-cache.php): failed to open stream: No such file or directory in /var/www/html/wp-settings.php on line 84
[24-Mar-2018 16:23:56 UTC] PHP Warning:  include(): Failed opening '/var/www/html/wp-content/advanced-cache.php' for inclusion (include_path='.:/usr/local/lib/php') in /var/www/html/wp-settings.php on line 84
[24-Mar-2018 16:24:00 UTC] PHP Deprecated:  Methods with the same name as their class will not be constructors in a future version of PHP; Woo_Widget_WooTabs has a deprecated constructor in /var/www/html/wp-content/themes/wootique/includes/widgets/widget-woo-tabs.php on line 24
[24-Mar-2018 16:24:00 UTC] PHP Deprecated:  Methods with the same name as their class will not be constructors in a future version of PHP; Woo_AdWidget has a deprecated constructor in /var/www/html/wp-content/themes/wootique/includes/widgets/widget-woo-adspace.php on line 6
[24-Mar-2018 16:24:00 UTC] PHP Notice:  The called constructor method for WP_Widget in Woo_AdWidget is <strong>deprecated</strong> since version 4.3.0! Use <pre>__construct()</pre> instead. in /var/www/html/wp-includes/functions.php on line 3902
[24-Mar-2018 16:24:00 UTC] PHP Deprecated:  Methods with the same name as their class will not be constructors in a future version of PHP; Woo_BlogAuthorInfo has a deprecated constructor in /var/www/html/wp-content/themes/wootique/includes/widgets/widget-woo-blogauthor.php on line 5
[24-Mar-2018 16:24:00 UTC] PHP Notice:  The called constructor method for WP_Widget in Woo_BlogAuthorInfo is <strong>deprecated</strong> since version 4.3.0! Use <pre>__construct()</pre> instead. in /var/www/html/wp-includes/functions.php on line 3902
[24-Mar-2018 16:24:00 UTC] PHP Deprecated:  Methods with the same name as their class will not be constructors in a future version of PHP; Woo_EmbedWidget has a deprecated constructor in /var/www/html/wp-content/themes/wootique/includes/widgets/widget-woo-embed.php on line 6
[24-Mar-2018 16:24:00 UTC] PHP Notice:  The called constructor method for WP_Widget in Woo_EmbedWidget is <strong>deprecated</strong> since version 4.3.0! Use <pre>__construct()</pre> instead. in /var/www/html/wp-includes/functions.php on line 3902
[24-Mar-2018 16:24:00 UTC] PHP Deprecated:  Methods with the same name as their class will not be constructors in a future version of PHP; Woo_flickr has a deprecated constructor in /var/www/html/wp-content/themes/wootique/includes/widgets/widget-woo-flickr.php on line 5
[24-Mar-2018 16:24:00 UTC] PHP Notice:  The called constructor method for WP_Widget in Woo_flickr is <strong>deprecated</strong> since version 4.3.0! Use <pre>__construct()</pre> instead. in /var/www/html/wp-includes/functions.php on line 3902
[24-Mar-2018 16:24:00 UTC] PHP Deprecated:  Methods with the same name as their class will not be constructors in a future version of PHP; Woo_Search has a deprecated constructor in /var/www/html/wp-content/themes/wootique/includes/widgets/widget-woo-search.php on line 5
[24-Mar-2018 16:24:00 UTC] PHP Notice:  The called constructor method for WP_Widget in Woo_Search is <strong>deprecated</strong> since version 4.3.0! Use <pre>__construct()</pre> instead. in /var/www/html/wp-includes/functions.php on line 3902
[24-Mar-2018 16:24:00 UTC] PHP Deprecated:  Methods with the same name as their class will not be constructors in a future version of PHP; Woo_Twitter has a deprecated constructor in /var/www/html/wp-content/themes/wootique/includes/widgets/widget-woo-twitter.php on line 5
[24-Mar-2018 16:24:00 UTC] PHP Notice:  The called constructor method for WP_Widget in Woo_Twitter is <strong>deprecated</strong> since version 4.3.0! Use <pre>__construct()</pre> instead. in /var/www/html/wp-includes/functions.php on line 3902
[24-Mar-2018 16:24:00 UTC] PHP Deprecated:  Methods with the same name as their class will not be constructors in a future version of PHP; Woo_Subscribe has a deprecated constructor in /var/www/html/wp-content/themes/wootique/includes/widgets/widget-woo-subscribe.php on line 5
[24-Mar-2018 16:24:00 UTC] PHP Notice:  The called constructor method for WP_Widget in Woo_Subscribe is <strong>deprecated</strong> since version 4.3.0! Use <pre>__construct()</pre> instead. in /var/www/html/wp-includes/functions.php on line 3902
[24-Mar-2018 16:24:01 UTC] PHP Notice:  The called constructor method for WP_Widget in Woo_Widget_WooTabs is <strong>deprecated</strong> since version 4.3.0! Use <pre>__construct()</pre> instead. in /var/www/html/wp-includes/functions.php on line 3902
[24-Mar-2018 16:24:01 UTC] PHP Notice:  add_object_page is <strong>deprecated</strong> since version 4.5.0! Use add_menu_page() instead. in /var/www/html/wp-includes/functions.php on line 3839
[24-Mar-2018 16:25:04 UTC] PHP Warning:  include(/var/www/html/wp-content/advanced-cache.php): failed to open stream: No such file or directory in /var/www/html/wp-settings.php on line 84
[24-Mar-2018 16:25:04 UTC] PHP Warning:  include(): Failed opening '/var/www/html/wp-content/advanced-cache.php' for inclusion (include_path='.:/usr/local/lib/php') in /var/www/html/wp-settings.php on line 84
[24-Mar-2018 16:25:11 UTC] PHP Deprecated:  Methods with the same name as their class will not be constructors in a future version of PHP; Woo_Widget_WooTabs has a deprecated constructor in /var/www/html/wp-content/themes/wootique/includes/widgets/widget-woo-tabs.php on line 24
[24-Mar-2018 16:25:11 UTC] PHP Deprecated:  Methods with the same name as their class will not be constructors in a future version of PHP; Woo_AdWidget has a deprecated constructor in /var/www/html/wp-content/themes/wootique/includes/widgets/widget-woo-adspace.php on line 6
[24-Mar-2018 16:25:11 UTC] PHP Notice:  The called constructor method for WP_Widget in Woo_AdWidget is <strong>deprecated</strong> since version 4.3.0! Use <pre>__construct()</pre> instead. in /var/www/html/wp-includes/functions.php on line 3902
[24-Mar-2018 16:25:11 UTC] PHP Deprecated:  Methods with the same name as their class will not be constructors in a future version of PHP; Woo_BlogAuthorInfo has a deprecated constructor in /var/www/html/wp-content/themes/wootique/includes/widgets/widget-woo-blogauthor.php on line 5
[24-Mar-2018 16:25:11 UTC] PHP Notice:  The called constructor method for WP_Widget in Woo_BlogAuthorInfo is <strong>deprecated</strong> since version 4.3.0! Use <pre>__construct()</pre> instead. in /var/www/html/wp-includes/functions.php on line 3902
[24-Mar-2018 16:25:11 UTC] PHP Deprecated:  Methods with the same name as their class will not be constructors in a future version of PHP; Woo_EmbedWidget has a deprecated constructor in /var/www/html/wp-content/themes/wootique/includes/widgets/widget-woo-embed.php on line 6
[24-Mar-2018 16:25:11 UTC] PHP Notice:  The called constructor method for WP_Widget in Woo_EmbedWidget is <strong>deprecated</strong> since version 4.3.0! Use <pre>__construct()</pre> instead. in /var/www/html/wp-includes/functions.php on line 3902
[24-Mar-2018 16:25:11 UTC] PHP Deprecated:  Methods with the same name as their class will not be constructors in a future version of PHP; Woo_flickr has a deprecated constructor in /var/www/html/wp-content/themes/wootique/includes/widgets/widget-woo-flickr.php on line 5
[24-Mar-2018 16:25:11 UTC] PHP Notice:  The called constructor method for WP_Widget in Woo_flickr is <strong>deprecated</strong> since version 4.3.0! Use <pre>__construct()</pre> instead. in /var/www/html/wp-includes/functions.php on line 3902
[24-Mar-2018 16:25:11 UTC] PHP Deprecated:  Methods with the same name as their class will not be constructors in a future version of PHP; Woo_Search has a deprecated constructor in /var/www/html/wp-content/themes/wootique/includes/widgets/widget-woo-search.php on line 5
[24-Mar-2018 16:25:11 UTC] PHP Notice:  The called constructor method for WP_Widget in Woo_Search is <strong>deprecated</strong> since version 4.3.0! Use <pre>__construct()</pre> instead. in /var/www/html/wp-includes/functions.php on line 3902
[24-Mar-2018 16:25:11 UTC] PHP Deprecated:  Methods with the same name as their class will not be constructors in a future version of PHP; Woo_Twitter has a deprecated constructor in /var/www/html/wp-content/themes/wootique/includes/widgets/widget-woo-twitter.php on line 5
[24-Mar-2018 16:25:11 UTC] PHP Notice:  The called constructor method for WP_Widget in Woo_Twitter is <strong>deprecated</strong> since version 4.3.0! Use <pre>__construct()</pre> instead. in /var/www/html/wp-includes/functions.php on line 3902
[24-Mar-2018 16:25:11 UTC] PHP Deprecated:  Methods with the same name as their class will not be constructors in a future version of PHP; Woo_Subscribe has a deprecated constructor in /var/www/html/wp-content/themes/wootique/includes/widgets/widget-woo-subscribe.php on line 5
[24-Mar-2018 16:25:11 UTC] PHP Notice:  The called constructor method for WP_Widget in Woo_Subscribe is <strong>deprecated</strong> since version 4.3.0! Use <pre>__construct()</pre> instead. in /var/www/html/wp-includes/functions.php on line 3902
[24-Mar-2018 16:25:12 UTC] PHP Notice:  The called constructor method for WP_Widget in Woo_Widget_WooTabs is <strong>deprecated</strong> since version 4.3.0! Use <pre>__construct()</pre> instead. in /var/www/html/wp-includes/functions.php on line 3902
[24-Mar-2018 16:26:04 UTC] PHP Warning:  include(/var/www/html/wp-content/advanced-cache.php): failed to open stream: No such file or directory in /var/www/html/wp-settings.php on line 84
[24-Mar-2018 16:26:04 UTC] PHP Warning:  include(): Failed opening '/var/www/html/wp-content/advanced-cache.php' for inclusion (include_path='.:/usr/local/lib/php') in /var/www/html/wp-settings.php on line 84
[24-Mar-2018 16:26:06 UTC] PHP Deprecated:  Methods with the same name as their class will not be constructors in a future version of PHP; Woo_Widget_WooTabs has a deprecated constructor in /var/www/html/wp-content/themes/wootique/includes/widgets/widget-woo-tabs.php on line 24
[24-Mar-2018 16:26:06 UTC] PHP Deprecated:  Methods with the same name as their class will not be constructors in a future version of PHP; Woo_AdWidget has a deprecated constructor in /var/www/html/wp-content/themes/wootique/includes/widgets/widget-woo-adspace.php on line 6
[24-Mar-2018 16:26:06 UTC] PHP Notice:  The called constructor method for WP_Widget in Woo_AdWidget is <strong>deprecated</strong> since version 4.3.0! Use <pre>__construct()</pre> instead. in /var/www/html/wp-includes/functions.php on line 3902
[24-Mar-2018 16:26:06 UTC] PHP Deprecated:  Methods with the same name as their class will not be constructors in a future version of PHP; Woo_BlogAuthorInfo has a deprecated constructor in /var/www/html/wp-content/themes/wootique/includes/widgets/widget-woo-blogauthor.php on line 5
[24-Mar-2018 16:26:06 UTC] PHP Notice:  The called constructor method for WP_Widget in Woo_BlogAuthorInfo is <strong>deprecated</strong> since version 4.3.0! Use <pre>__construct()</pre> instead. in /var/www/html/wp-includes/functions.php on line 3902
[24-Mar-2018 16:26:06 UTC] PHP Deprecated:  Methods with the same name as their class will not be constructors in a future version of PHP; Woo_EmbedWidget has a deprecated constructor in /var/www/html/wp-content/themes/wootique/includes/widgets/widget-woo-embed.php on line 6
[24-Mar-2018 16:26:06 UTC] PHP Notice:  The called constructor method for WP_Widget in Woo_EmbedWidget is <strong>deprecated</strong> since version 4.3.0! Use <pre>__construct()</pre> instead. in /var/www/html/wp-includes/functions.php on line 3902
[24-Mar-2018 16:26:06 UTC] PHP Deprecated:  Methods with the same name as their class will not be constructors in a future version of PHP; Woo_flickr has a deprecated constructor in /var/www/html/wp-content/themes/wootique/includes/widgets/widget-woo-flickr.php on line 5
[24-Mar-2018 16:26:06 UTC] PHP Notice:  The called constructor method for WP_Widget in Woo_flickr is <strong>deprecated</strong> since version 4.3.0! Use <pre>__construct()</pre> instead. in /var/www/html/wp-includes/functions.php on line 3902
[24-Mar-2018 16:26:06 UTC] PHP Deprecated:  Methods with the same name as their class will not be constructors in a future version of PHP; Woo_Search has a deprecated constructor in /var/www/html/wp-content/themes/wootique/includes/widgets/widget-woo-search.php on line 5
[24-Mar-2018 16:26:06 UTC] PHP Notice:  The called constructor method for WP_Widget in Woo_Search is <strong>deprecated</strong> since version 4.3.0! Use <pre>__construct()</pre> instead. in /var/www/html/wp-includes/functions.php on line 3902
[24-Mar-2018 16:26:06 UTC] PHP Deprecated:  Methods with the same name as their class will not be constructors in a future version of PHP; Woo_Twitter has a deprecated constructor in /var/www/html/wp-content/themes/wootique/includes/widgets/widget-woo-twitter.php on line 5
[24-Mar-2018 16:26:06 UTC] PHP Notice:  The called constructor method for WP_Widget in Woo_Twitter is <strong>deprecated</strong> since version 4.3.0! Use <pre>__construct()</pre> instead. in /var/www/html/wp-includes/functions.php on line 3902
[24-Mar-2018 16:26:06 UTC] PHP Deprecated:  Methods with the same name as their class will not be constructors in a future version of PHP; Woo_Subscribe has a deprecated constructor in /var/www/html/wp-content/themes/wootique/includes/widgets/widget-woo-subscribe.php on line 5
[24-Mar-2018 16:26:06 UTC] PHP Notice:  The called constructor method for WP_Widget in Woo_Subscribe is <strong>deprecated</strong> since version 4.3.0! Use <pre>__construct()</pre> instead. in /var/www/html/wp-includes/functions.php on line 3902
[24-Mar-2018 16:26:06 UTC] PHP Notice:  The called constructor method for WP_Widget in Woo_Widget_WooTabs is <strong>deprecated</strong> since version 4.3.0! Use <pre>__construct()</pre> instead. in /var/www/html/wp-includes/functions.php on line 3902
[24-Mar-2018 16:27:04 UTC] PHP Warning:  include(/var/www/html/wp-content/advanced-cache.php): failed to open stream: No such file or directory in /var/www/html/wp-settings.php on line 84
[24-Mar-2018 16:27:04 UTC] PHP Warning:  include(): Failed opening '/var/www/html/wp-content/advanced-cache.php' for inclusion (include_path='.:/usr/local/lib/php') in /var/www/html/wp-settings.php on line 84
[24-Mar-2018 16:27:08 UTC] PHP Deprecated:  Methods with the same name as their class will not be constructors in a future version of PHP; Woo_Widget_WooTabs has a deprecated constructor in /var/www/html/wp-content/themes/wootique/includes/widgets/widget-woo-tabs.php on line 24
[24-Mar-2018 16:27:08 UTC] PHP Deprecated:  Methods with the same name as their class will not be constructors in a future version of PHP; Woo_AdWidget has a deprecated constructor in /var/www/html/wp-content/themes/wootique/includes/widgets/widget-woo-adspace.php on line 6
[24-Mar-2018 16:27:08 UTC] PHP Notice:  The called constructor method for WP_Widget in Woo_AdWidget is <strong>deprecated</strong> since version 4.3.0! Use <pre>__construct()</pre> instead. in /var/www/html/wp-includes/functions.php on line 3902
[24-Mar-2018 16:27:08 UTC] PHP Deprecated:  Methods with the same name as their class will not be constructors in a future version of PHP; Woo_BlogAuthorInfo has a deprecated constructor in /var/www/html/wp-content/themes/wootique/includes/widgets/widget-woo-blogauthor.php on line 5
[24-Mar-2018 16:27:08 UTC] PHP Notice:  The called constructor method for WP_Widget in Woo_BlogAuthorInfo is <strong>deprecated</strong> since version 4.3.0! Use <pre>__construct()</pre> instead. in /var/www/html/wp-includes/functions.php on line 3902
[24-Mar-2018 16:27:08 UTC] PHP Deprecated:  Methods with the same name as their class will not be constructors in a future version of PHP; Woo_EmbedWidget has a deprecated constructor in /var/www/html/wp-content/themes/wootique/includes/widgets/widget-woo-embed.php on line 6
[24-Mar-2018 16:27:08 UTC] PHP Notice:  The called constructor method for WP_Widget in Woo_EmbedWidget is <strong>deprecated</strong> since version 4.3.0! Use <pre>__construct()</pre> instead. in /var/www/html/wp-includes/functions.php on line 3902
[24-Mar-2018 16:27:08 UTC] PHP Deprecated:  Methods with the same name as their class will not be constructors in a future version of PHP; Woo_flickr has a deprecated constructor in /var/www/html/wp-content/themes/wootique/includes/widgets/widget-woo-flickr.php on line 5
[24-Mar-2018 16:27:08 UTC] PHP Notice:  The called constructor method for WP_Widget in Woo_flickr is <strong>deprecated</strong> since version 4.3.0! Use <pre>__construct()</pre> instead. in /var/www/html/wp-includes/functions.php on line 3902
[24-Mar-2018 16:27:08 UTC] PHP Deprecated:  Methods with the same name as their class will not be constructors in a future version of PHP; Woo_Search has a deprecated constructor in /var/www/html/wp-content/themes/wootique/includes/widgets/widget-woo-search.php on line 5
[24-Mar-2018 16:27:08 UTC] PHP Notice:  The called constructor method for WP_Widget in Woo_Search is <strong>deprecated</strong> since version 4.3.0! Use <pre>__construct()</pre> instead. in /var/www/html/wp-includes/functions.php on line 3902
[24-Mar-2018 16:27:08 UTC] PHP Deprecated:  Methods with the same name as their class will not be constructors in a future version of PHP; Woo_Twitter has a deprecated constructor in /var/www/html/wp-content/themes/wootique/includes/widgets/widget-woo-twitter.php on line 5
[24-Mar-2018 16:27:08 UTC] PHP Notice:  The called constructor method for WP_Widget in Woo_Twitter is <strong>deprecated</strong> since version 4.3.0! Use <pre>__construct()</pre> instead. in /var/www/html/wp-includes/functions.php on line 3902
[24-Mar-2018 16:27:08 UTC] PHP Deprecated:  Methods with the same name as their class will not be constructors in a future version of PHP; Woo_Subscribe has a deprecated constructor in /var/www/html/wp-content/themes/wootique/includes/widgets/widget-woo-subscribe.php on line 5
[24-Mar-2018 16:27:08 UTC] PHP Notice:  The called constructor method for WP_Widget in Woo_Subscribe is <strong>deprecated</strong> since version 4.3.0! Use <pre>__construct()</pre> instead. in /var/www/html/wp-includes/functions.php on line 3902
[24-Mar-2018 16:27:09 UTC] PHP Notice:  The called constructor method for WP_Widget in Woo_Widget_WooTabs is <strong>deprecated</strong> since version 4.3.0! Use <pre>__construct()</pre> instead. in /var/www/html/wp-includes/functions.php on line 3902
[24-Mar-2018 16:28:04 UTC] PHP Warning:  include(/var/www/html/wp-content/advanced-cache.php): failed to open stream: No such file or directory in /var/www/html/wp-settings.php on line 84
[24-Mar-2018 16:28:04 UTC] PHP Warning:  include(): Failed opening '/var/www/html/wp-content/advanced-cache.php' for inclusion (include_path='.:/usr/local/lib/php') in /var/www/html/wp-settings.php on line 84
[24-Mar-2018 16:28:08 UTC] PHP Deprecated:  Methods with the same name as their class will not be constructors in a future version of PHP; Woo_Widget_WooTabs has a deprecated constructor in /var/www/html/wp-content/themes/wootique/includes/widgets/widget-woo-tabs.php on line 24
[24-Mar-2018 16:28:08 UTC] PHP Deprecated:  Methods with the same name as their class will not be constructors in a future version of PHP; Woo_AdWidget has a deprecated constructor in /var/www/html/wp-content/themes/wootique/includes/widgets/widget-woo-adspace.php on line 6
[24-Mar-2018 16:28:08 UTC] PHP Notice:  The called constructor method for WP_Widget in Woo_AdWidget is <strong>deprecated</strong> since version 4.3.0! Use <pre>__construct()</pre> instead. in /var/www/html/wp-includes/functions.php on line 3902
[24-Mar-2018 16:28:08 UTC] PHP Deprecated:  Methods with the same name as their class will not be constructors in a future version of PHP; Woo_BlogAuthorInfo has a deprecated constructor in /var/www/html/wp-content/themes/wootique/includes/widgets/widget-woo-blogauthor.php on line 5
[24-Mar-2018 16:28:08 UTC] PHP Notice:  The called constructor method for WP_Widget in Woo_BlogAuthorInfo is <strong>deprecated</strong> since version 4.3.0! Use <pre>__construct()</pre> instead. in /var/www/html/wp-includes/functions.php on line 3902
[24-Mar-2018 16:28:08 UTC] PHP Deprecated:  Methods with the same name as their class will not be constructors in a future version of PHP; Woo_EmbedWidget has a deprecated constructor in /var/www/html/wp-content/themes/wootique/includes/widgets/widget-woo-embed.php on line 6
[24-Mar-2018 16:28:08 UTC] PHP Notice:  The called constructor method for WP_Widget in Woo_EmbedWidget is <strong>deprecated</strong> since version 4.3.0! Use <pre>__construct()</pre> instead. in /var/www/html/wp-includes/functions.php on line 3902
[24-Mar-2018 16:28:08 UTC] PHP Deprecated:  Methods with the same name as their class will not be constructors in a future version of PHP; Woo_flickr has a deprecated constructor in /var/www/html/wp-content/themes/wootique/includes/widgets/widget-woo-flickr.php on line 5
[24-Mar-2018 16:28:08 UTC] PHP Notice:  The called constructor method for WP_Widget in Woo_flickr is <strong>deprecated</strong> since version 4.3.0! Use <pre>__construct()</pre> instead. in /var/www/html/wp-includes/functions.php on line 3902
[24-Mar-2018 16:28:08 UTC] PHP Deprecated:  Methods with the same name as their class will not be constructors in a future version of PHP; Woo_Search has a deprecated constructor in /var/www/html/wp-content/themes/wootique/includes/widgets/widget-woo-search.php on line 5
[24-Mar-2018 16:28:08 UTC] PHP Notice:  The called constructor method for WP_Widget in Woo_Search is <strong>deprecated</strong> since version 4.3.0! Use <pre>__construct()</pre> instead. in /var/www/html/wp-includes/functions.php on line 3902
[24-Mar-2018 16:28:08 UTC] PHP Deprecated:  Methods with the same name as their class will not be constructors in a future version of PHP; Woo_Twitter has a deprecated constructor in /var/www/html/wp-content/themes/wootique/includes/widgets/widget-woo-twitter.php on line 5
[24-Mar-2018 16:28:08 UTC] PHP Notice:  The called constructor method for WP_Widget in Woo_Twitter is <strong>deprecated</strong> since version 4.3.0! Use <pre>__construct()</pre> instead. in /var/www/html/wp-includes/functions.php on line 3902
[24-Mar-2018 16:28:08 UTC] PHP Deprecated:  Methods with the same name as their class will not be constructors in a future version of PHP; Woo_Subscribe has a deprecated constructor in /var/www/html/wp-content/themes/wootique/includes/widgets/widget-woo-subscribe.php on line 5
[24-Mar-2018 16:28:08 UTC] PHP Notice:  The called constructor method for WP_Widget in Woo_Subscribe is <strong>deprecated</strong> since version 4.3.0! Use <pre>__construct()</pre> instead. in /var/www/html/wp-includes/functions.php on line 3902
[24-Mar-2018 16:28:08 UTC] PHP Notice:  The called constructor method for WP_Widget in Woo_Widget_WooTabs is <strong>deprecated</strong> since version 4.3.0! Use <pre>__construct()</pre> instead. in /var/www/html/wp-includes/functions.php on line 3902
[24-Mar-2018 16:29:04 UTC] PHP Warning:  include(/var/www/html/wp-content/advanced-cache.php): failed to open stream: No such file or directory in /var/www/html/wp-settings.php on line 84
[24-Mar-2018 16:29:04 UTC] PHP Warning:  include(): Failed opening '/var/www/html/wp-content/advanced-cache.php' for inclusion (include_path='.:/usr/local/lib/php') in /var/www/html/wp-settings.php on line 84
[24-Mar-2018 16:29:06 UTC] PHP Deprecated:  Methods with the same name as their class will not be constructors in a future version of PHP; Woo_Widget_WooTabs has a deprecated constructor in /var/www/html/wp-content/themes/wootique/includes/widgets/widget-woo-tabs.php on line 24
[24-Mar-2018 16:29:06 UTC] PHP Deprecated:  Methods with the same name as their class will not be constructors in a future version of PHP; Woo_AdWidget has a deprecated constructor in /var/www/html/wp-content/themes/wootique/includes/widgets/widget-woo-adspace.php on line 6
[24-Mar-2018 16:29:06 UTC] PHP Notice:  The called constructor method for WP_Widget in Woo_AdWidget is <strong>deprecated</strong> since version 4.3.0! Use <pre>__construct()</pre> instead. in /var/www/html/wp-includes/functions.php on line 3902
[24-Mar-2018 16:29:06 UTC] PHP Deprecated:  Methods with the same name as their class will not be constructors in a future version of PHP; Woo_BlogAuthorInfo has a deprecated constructor in /var/www/html/wp-content/themes/wootique/includes/widgets/widget-woo-blogauthor.php on line 5
[24-Mar-2018 16:29:06 UTC] PHP Notice:  The called constructor method for WP_Widget in Woo_BlogAuthorInfo is <strong>deprecated</strong> since version 4.3.0! Use <pre>__construct()</pre> instead. in /var/www/html/wp-includes/functions.php on line 3902
[24-Mar-2018 16:29:06 UTC] PHP Deprecated:  Methods with the same name as their class will not be constructors in a future version of PHP; Woo_EmbedWidget has a deprecated constructor in /var/www/html/wp-content/themes/wootique/includes/widgets/widget-woo-embed.php on line 6
[24-Mar-2018 16:29:06 UTC] PHP Notice:  The called constructor method for WP_Widget in Woo_EmbedWidget is <strong>deprecated</strong> since version 4.3.0! Use <pre>__construct()</pre> instead. in /var/www/html/wp-includes/functions.php on line 3902
[24-Mar-2018 16:29:06 UTC] PHP Deprecated:  Methods with the same name as their class will not be constructors in a future version of PHP; Woo_flickr has a deprecated constructor in /var/www/html/wp-content/themes/wootique/includes/widgets/widget-woo-flickr.php on line 5
[24-Mar-2018 16:29:06 UTC] PHP Notice:  The called constructor method for WP_Widget in Woo_flickr is <strong>deprecated</strong> since version 4.3.0! Use <pre>__construct()</pre> instead. in /var/www/html/wp-includes/functions.php on line 3902
[24-Mar-2018 16:29:06 UTC] PHP Deprecated:  Methods with the same name as their class will not be constructors in a future version of PHP; Woo_Search has a deprecated constructor in /var/www/html/wp-content/themes/wootique/includes/widgets/widget-woo-search.php on line 5
[24-Mar-2018 16:29:06 UTC] PHP Notice:  The called constructor method for WP_Widget in Woo_Search is <strong>deprecated</strong> since version 4.3.0! Use <pre>__construct()</pre> instead. in /var/www/html/wp-includes/functions.php on line 3902
[24-Mar-2018 16:29:06 UTC] PHP Deprecated:  Methods with the same name as their class will not be constructors in a future version of PHP; Woo_Twitter has a deprecated constructor in /var/www/html/wp-content/themes/wootique/includes/widgets/widget-woo-twitter.php on line 5
[24-Mar-2018 16:29:06 UTC] PHP Notice:  The called constructor method for WP_Widget in Woo_Twitter is <strong>deprecated</strong> since version 4.3.0! Use <pre>__construct()</pre> instead. in /var/www/html/wp-includes/functions.php on line 3902
[24-Mar-2018 16:29:06 UTC] PHP Deprecated:  Methods with the same name as their class will not be constructors in a future version of PHP; Woo_Subscribe has a deprecated constructor in /var/www/html/wp-content/themes/wootique/includes/widgets/widget-woo-subscribe.php on line 5
[24-Mar-2018 16:29:06 UTC] PHP Notice:  The called constructor method for WP_Widget in Woo_Subscribe is <strong>deprecated</strong> since version 4.3.0! Use <pre>__construct()</pre> instead. in /var/www/html/wp-includes/functions.php on line 3902
[24-Mar-2018 16:29:06 UTC] PHP Notice:  The called constructor method for WP_Widget in Woo_Widget_WooTabs is <strong>deprecated</strong> since version 4.3.0! Use <pre>__construct()</pre> instead. in /var/www/html/wp-includes/functions.php on line 3902
[24-Mar-2018 16:30:04 UTC] PHP Warning:  include(/var/www/html/wp-content/advanced-cache.php): failed to open stream: No such file or directory in /var/www/html/wp-settings.php on line 84
[24-Mar-2018 16:30:04 UTC] PHP Warning:  include(): Failed opening '/var/www/html/wp-content/advanced-cache.php' for inclusion (include_path='.:/usr/local/lib/php') in /var/www/html/wp-settings.php on line 84
[24-Mar-2018 16:30:06 UTC] PHP Deprecated:  Methods with the same name as their class will not be constructors in a future version of PHP; Woo_Widget_WooTabs has a deprecated constructor in /var/www/html/wp-content/themes/wootique/includes/widgets/widget-woo-tabs.php on line 24
[24-Mar-2018 16:30:06 UTC] PHP Deprecated:  Methods with the same name as their class will not be constructors in a future version of PHP; Woo_AdWidget has a deprecated constructor in /var/www/html/wp-content/themes/wootique/includes/widgets/widget-woo-adspace.php on line 6
[24-Mar-2018 16:30:06 UTC] PHP Notice:  The called constructor method for WP_Widget in Woo_AdWidget is <strong>deprecated</strong> since version 4.3.0! Use <pre>__construct()</pre> instead. in /var/www/html/wp-includes/functions.php on line 3902
[24-Mar-2018 16:30:06 UTC] PHP Deprecated:  Methods with the same name as their class will not be constructors in a future version of PHP; Woo_BlogAuthorInfo has a deprecated constructor in /var/www/html/wp-content/themes/wootique/includes/widgets/widget-woo-blogauthor.php on line 5
[24-Mar-2018 16:30:06 UTC] PHP Notice:  The called constructor method for WP_Widget in Woo_BlogAuthorInfo is <strong>deprecated</strong> since version 4.3.0! Use <pre>__construct()</pre> instead. in /var/www/html/wp-includes/functions.php on line 3902
[24-Mar-2018 16:30:06 UTC] PHP Deprecated:  Methods with the same name as their class will not be constructors in a future version of PHP; Woo_EmbedWidget has a deprecated constructor in /var/www/html/wp-content/themes/wootique/includes/widgets/widget-woo-embed.php on line 6
[24-Mar-2018 16:30:06 UTC] PHP Notice:  The called constructor method for WP_Widget in Woo_EmbedWidget is <strong>deprecated</strong> since version 4.3.0! Use <pre>__construct()</pre> instead. in /var/www/html/wp-includes/functions.php on line 3902
[24-Mar-2018 16:30:06 UTC] PHP Deprecated:  Methods with the same name as their class will not be constructors in a future version of PHP; Woo_flickr has a deprecated constructor in /var/www/html/wp-content/themes/wootique/includes/widgets/widget-woo-flickr.php on line 5
[24-Mar-2018 16:30:06 UTC] PHP Notice:  The called constructor method for WP_Widget in Woo_flickr is <strong>deprecated</strong> since version 4.3.0! Use <pre>__construct()</pre> instead. in /var/www/html/wp-includes/functions.php on line 3902
[24-Mar-2018 16:30:06 UTC] PHP Deprecated:  Methods with the same name as their class will not be constructors in a future version of PHP; Woo_Search has a deprecated constructor in /var/www/html/wp-content/themes/wootique/includes/widgets/widget-woo-search.php on line 5
[24-Mar-2018 16:30:06 UTC] PHP Notice:  The called constructor method for WP_Widget in Woo_Search is <strong>deprecated</strong> since version 4.3.0! Use <pre>__construct()</pre> instead. in /var/www/html/wp-includes/functions.php on line 3902
[24-Mar-2018 16:30:06 UTC] PHP Deprecated:  Methods with the same name as their class will not be constructors in a future version of PHP; Woo_Twitter has a deprecated constructor in /var/www/html/wp-content/themes/wootique/includes/widgets/widget-woo-twitter.php on line 5
[24-Mar-2018 16:30:06 UTC] PHP Notice:  The called constructor method for WP_Widget in Woo_Twitter is <strong>deprecated</strong> since version 4.3.0! Use <pre>__construct()</pre> instead. in /var/www/html/wp-includes/functions.php on line 3902
[24-Mar-2018 16:30:06 UTC] PHP Deprecated:  Methods with the same name as their class will not be constructors in a future version of PHP; Woo_Subscribe has a deprecated constructor in /var/www/html/wp-content/themes/wootique/includes/widgets/widget-woo-subscribe.php on line 5
[24-Mar-2018 16:30:06 UTC] PHP Notice:  The called constructor method for WP_Widget in Woo_Subscribe is <strong>deprecated</strong> since version 4.3.0! Use <pre>__construct()</pre> instead. in /var/www/html/wp-includes/functions.php on line 3902
[24-Mar-2018 16:30:06 UTC] PHP Notice:  The called constructor method for WP_Widget in Woo_Widget_WooTabs is <strong>deprecated</strong> since version 4.3.0! Use <pre>__construct()</pre> instead. in /var/www/html/wp-includes/functions.php on line 3902
[24-Mar-2018 16:32:04 UTC] PHP Warning:  include(/var/www/html/wp-content/advanced-cache.php): failed to open stream: No such file or directory in /var/www/html/wp-settings.php on line 84
[24-Mar-2018 16:32:04 UTC] PHP Warning:  include(): Failed opening '/var/www/html/wp-content/advanced-cache.php' for inclusion (include_path='.:/usr/local/lib/php') in /var/www/html/wp-settings.php on line 84
[24-Mar-2018 16:32:07 UTC] PHP Deprecated:  Methods with the same name as their class will not be constructors in a future version of PHP; Woo_Widget_WooTabs has a deprecated constructor in /var/www/html/wp-content/themes/wootique/includes/widgets/widget-woo-tabs.php on line 24
[24-Mar-2018 16:32:07 UTC] PHP Deprecated:  Methods with the same name as their class will not be constructors in a future version of PHP; Woo_AdWidget has a deprecated constructor in /var/www/html/wp-content/themes/wootique/includes/widgets/widget-woo-adspace.php on line 6
[24-Mar-2018 16:32:07 UTC] PHP Notice:  The called constructor method for WP_Widget in Woo_AdWidget is <strong>deprecated</strong> since version 4.3.0! Use <pre>__construct()</pre> instead. in /var/www/html/wp-includes/functions.php on line 3902
[24-Mar-2018 16:32:07 UTC] PHP Deprecated:  Methods with the same name as their class will not be constructors in a future version of PHP; Woo_BlogAuthorInfo has a deprecated constructor in /var/www/html/wp-content/themes/wootique/includes/widgets/widget-woo-blogauthor.php on line 5
[24-Mar-2018 16:32:07 UTC] PHP Notice:  The called constructor method for WP_Widget in Woo_BlogAuthorInfo is <strong>deprecated</strong> since version 4.3.0! Use <pre>__construct()</pre> instead. in /var/www/html/wp-includes/functions.php on line 3902
[24-Mar-2018 16:32:07 UTC] PHP Deprecated:  Methods with the same name as their class will not be constructors in a future version of PHP; Woo_EmbedWidget has a deprecated constructor in /var/www/html/wp-content/themes/wootique/includes/widgets/widget-woo-embed.php on line 6
[24-Mar-2018 16:32:07 UTC] PHP Notice:  The called constructor method for WP_Widget in Woo_EmbedWidget is <strong>deprecated</strong> since version 4.3.0! Use <pre>__construct()</pre> instead. in /var/www/html/wp-includes/functions.php on line 3902
[24-Mar-2018 16:32:07 UTC] PHP Deprecated:  Methods with the same name as their class will not be constructors in a future version of PHP; Woo_flickr has a deprecated constructor in /var/www/html/wp-content/themes/wootique/includes/widgets/widget-woo-flickr.php on line 5
[24-Mar-2018 16:32:07 UTC] PHP Notice:  The called constructor method for WP_Widget in Woo_flickr is <strong>deprecated</strong> since version 4.3.0! Use <pre>__construct()</pre> instead. in /var/www/html/wp-includes/functions.php on line 3902
[24-Mar-2018 16:32:07 UTC] PHP Deprecated:  Methods with the same name as their class will not be constructors in a future version of PHP; Woo_Search has a deprecated constructor in /var/www/html/wp-content/themes/wootique/includes/widgets/widget-woo-search.php on line 5
[24-Mar-2018 16:32:07 UTC] PHP Notice:  The called constructor method for WP_Widget in Woo_Search is <strong>deprecated</strong> since version 4.3.0! Use <pre>__construct()</pre> instead. in /var/www/html/wp-includes/functions.php on line 3902
[24-Mar-2018 16:32:07 UTC] PHP Deprecated:  Methods with the same name as their class will not be constructors in a future version of PHP; Woo_Twitter has a deprecated constructor in /var/www/html/wp-content/themes/wootique/includes/widgets/widget-woo-twitter.php on line 5
[24-Mar-2018 16:32:07 UTC] PHP Notice:  The called constructor method for WP_Widget in Woo_Twitter is <strong>deprecated</strong> since version 4.3.0! Use <pre>__construct()</pre> instead. in /var/www/html/wp-includes/functions.php on line 3902
[24-Mar-2018 16:32:07 UTC] PHP Deprecated:  Methods with the same name as their class will not be constructors in a future version of PHP; Woo_Subscribe has a deprecated constructor in /var/www/html/wp-content/themes/wootique/includes/widgets/widget-woo-subscribe.php on line 5
[24-Mar-2018 16:32:07 UTC] PHP Notice:  The called constructor method for WP_Widget in Woo_Subscribe is <strong>deprecated</strong> since version 4.3.0! Use <pre>__construct()</pre> instead. in /var/www/html/wp-includes/functions.php on line 3902
[24-Mar-2018 16:32:08 UTC] PHP Notice:  The called constructor method for WP_Widget in Woo_Widget_WooTabs is <strong>deprecated</strong> since version 4.3.0! Use <pre>__construct()</pre> instead. in /var/www/html/wp-includes/functions.php on line 3902
[24-Mar-2018 16:34:04 UTC] PHP Warning:  include(/var/www/html/wp-content/advanced-cache.php): failed to open stream: No such file or directory in /var/www/html/wp-settings.php on line 84
[24-Mar-2018 16:34:04 UTC] PHP Warning:  include(): Failed opening '/var/www/html/wp-content/advanced-cache.php' for inclusion (include_path='.:/usr/local/lib/php') in /var/www/html/wp-settings.php on line 84
[24-Mar-2018 16:34:06 UTC] PHP Deprecated:  Methods with the same name as their class will not be constructors in a future version of PHP; Woo_Widget_WooTabs has a deprecated constructor in /var/www/html/wp-content/themes/wootique/includes/widgets/widget-woo-tabs.php on line 24
[24-Mar-2018 16:34:06 UTC] PHP Deprecated:  Methods with the same name as their class will not be constructors in a future version of PHP; Woo_AdWidget has a deprecated constructor in /var/www/html/wp-content/themes/wootique/includes/widgets/widget-woo-adspace.php on line 6
[24-Mar-2018 16:34:06 UTC] PHP Notice:  The called constructor method for WP_Widget in Woo_AdWidget is <strong>deprecated</strong> since version 4.3.0! Use <pre>__construct()</pre> instead. in /var/www/html/wp-includes/functions.php on line 3902
[24-Mar-2018 16:34:06 UTC] PHP Deprecated:  Methods with the same name as their class will not be constructors in a future version of PHP; Woo_BlogAuthorInfo has a deprecated constructor in /var/www/html/wp-content/themes/wootique/includes/widgets/widget-woo-blogauthor.php on line 5
[24-Mar-2018 16:34:06 UTC] PHP Notice:  The called constructor method for WP_Widget in Woo_BlogAuthorInfo is <strong>deprecated</strong> since version 4.3.0! Use <pre>__construct()</pre> instead. in /var/www/html/wp-includes/functions.php on line 3902
[24-Mar-2018 16:34:06 UTC] PHP Deprecated:  Methods with the same name as their class will not be constructors in a future version of PHP; Woo_EmbedWidget has a deprecated constructor in /var/www/html/wp-content/themes/wootique/includes/widgets/widget-woo-embed.php on line 6
[24-Mar-2018 16:34:06 UTC] PHP Notice:  The called constructor method for WP_Widget in Woo_EmbedWidget is <strong>deprecated</strong> since version 4.3.0! Use <pre>__construct()</pre> instead. in /var/www/html/wp-includes/functions.php on line 3902
[24-Mar-2018 16:34:06 UTC] PHP Deprecated:  Methods with the same name as their class will not be constructors in a future version of PHP; Woo_flickr has a deprecated constructor in /var/www/html/wp-content/themes/wootique/includes/widgets/widget-woo-flickr.php on line 5
[24-Mar-2018 16:34:06 UTC] PHP Notice:  The called constructor method for WP_Widget in Woo_flickr is <strong>deprecated</strong> since version 4.3.0! Use <pre>__construct()</pre> instead. in /var/www/html/wp-includes/functions.php on line 3902
[24-Mar-2018 16:34:06 UTC] PHP Deprecated:  Methods with the same name as their class will not be constructors in a future version of PHP; Woo_Search has a deprecated constructor in /var/www/html/wp-content/themes/wootique/includes/widgets/widget-woo-search.php on line 5
[24-Mar-2018 16:34:06 UTC] PHP Notice:  The called constructor method for WP_Widget in Woo_Search is <strong>deprecated</strong> since version 4.3.0! Use <pre>__construct()</pre> instead. in /var/www/html/wp-includes/functions.php on line 3902
[24-Mar-2018 16:34:06 UTC] PHP Deprecated:  Methods with the same name as their class will not be constructors in a future version of PHP; Woo_Twitter has a deprecated constructor in /var/www/html/wp-content/themes/wootique/includes/widgets/widget-woo-twitter.php on line 5
[24-Mar-2018 16:34:06 UTC] PHP Notice:  The called constructor method for WP_Widget in Woo_Twitter is <strong>deprecated</strong> since version 4.3.0! Use <pre>__construct()</pre> instead. in /var/www/html/wp-includes/functions.php on line 3902
[24-Mar-2018 16:34:06 UTC] PHP Deprecated:  Methods with the same name as their class will not be constructors in a future version of PHP; Woo_Subscribe has a deprecated constructor in /var/www/html/wp-content/themes/wootique/includes/widgets/widget-woo-subscribe.php on line 5
[24-Mar-2018 16:34:06 UTC] PHP Notice:  The called constructor method for WP_Widget in Woo_Subscribe is <strong>deprecated</strong> since version 4.3.0! Use <pre>__construct()</pre> instead. in /var/www/html/wp-includes/functions.php on line 3902
[24-Mar-2018 16:34:06 UTC] PHP Notice:  The called constructor method for WP_Widget in Woo_Widget_WooTabs is <strong>deprecated</strong> since version 4.3.0! Use <pre>__construct()</pre> instead. in /var/www/html/wp-includes/functions.php on line 3902
